{"/home/yoandry/Documents/front10-rating/src/Item.jsx": {"path":"/home/yoandry/Documents/front10-rating/src/Item.jsx","statementMap":{"0":{"start":{"line":4,"column":13},"end":{"line":16,"column":1}},"1":{"start":{"line":5,"column":2},"end":{"line":15,"column":4}},"2":{"start":{"line":18,"column":0},"end":{"line":35,"column":2}},"3":{"start":{"line":37,"column":0},"end":{"line":42,"column":2}}},"fnMap":{"0":{"name":"(anonymous_0)","decl":{"start":{"line":4,"column":13},"end":{"line":4,"column":14}},"loc":{"start":{"line":4,"column":59},"end":{"line":16,"column":1}},"line":4},"1":{"name":"(anonymous_1)","decl":{"start":{"line":40,"column":11},"end":{"line":40,"column":12}},"loc":{"start":{"line":40,"column":17},"end":{"line":40,"column":19}},"line":40},"2":{"name":"(anonymous_2)","decl":{"start":{"line":41,"column":14},"end":{"line":41,"column":15}},"loc":{"start":{"line":41,"column":20},"end":{"line":41,"column":22}},"line":41}},"branchMap":{"0":{"loc":{"start":{"line":5,"column":9},"end":{"line":15,"column":3}},"type":"cond-expr","locations":[{"start":{"line":6,"column":4},"end":{"line":12,"column":6}},{"start":{"line":14,"column":4},"end":{"line":14,"column":46}}],"line":5}},"s":{"0":0,"1":0,"2":0,"3":0},"f":{"0":0,"1":0,"2":0},"b":{"0":[0,0]},"hash":"4897d96d84728aa2f732c585807d9ac3b404d901"}
,"/home/yoandry/Documents/front10-rating/src/Rating.jsx": {"path":"/home/yoandry/Documents/front10-rating/src/Rating.jsx","statementMap":{"0":{"start":{"line":7,"column":23},"end":{"line":40,"column":1}},"1":{"start":{"line":17,"column":13},"end":{"line":17,"column":15}},"2":{"start":{"line":18,"column":23},"end":{"line":18,"column":39}},"3":{"start":{"line":19,"column":2},"end":{"line":30,"column":3}},"4":{"start":{"line":20,"column":4},"end":{"line":26,"column":5}},"5":{"start":{"line":21,"column":6},"end":{"line":21,"column":95}},"6":{"start":{"line":21,"column":66},"end":{"line":21,"column":95}},"7":{"start":{"line":22,"column":6},"end":{"line":22,"column":31}},"8":{"start":{"line":24,"column":6},"end":{"line":24,"column":95}},"9":{"start":{"line":24,"column":66},"end":{"line":24,"column":95}},"10":{"start":{"line":25,"column":6},"end":{"line":25,"column":30}},"11":{"start":{"line":28,"column":4},"end":{"line":28,"column":96}},"12":{"start":{"line":28,"column":66},"end":{"line":28,"column":96}},"13":{"start":{"line":29,"column":4},"end":{"line":29,"column":29}},"14":{"start":{"line":31,"column":2},"end":{"line":39,"column":4}},"15":{"start":{"line":42,"column":15},"end":{"line":77,"column":1}},"16":{"start":{"line":55,"column":14},"end":{"line":55,"column":16}},"17":{"start":{"line":56,"column":2},"end":{"line":71,"column":3}},"18":{"start":{"line":56,"column":19},"end":{"line":56,"column":20}},"19":{"start":{"line":58,"column":6},"end":{"line":69,"column":11}},"20":{"start":{"line":70,"column":4},"end":{"line":70,"column":37}},"21":{"start":{"line":72,"column":2},"end":{"line":76,"column":4}},"22":{"start":{"line":79,"column":0},"end":{"line":124,"column":2}},"23":{"start":{"line":126,"column":0},"end":{"line":138,"column":2}}},"fnMap":{"0":{"name":"(anonymous_0)","decl":{"start":{"line":7,"column":23},"end":{"line":7,"column":24}},"loc":{"start":{"line":16,"column":5},"end":{"line":40,"column":1}},"line":16},"1":{"name":"(anonymous_1)","decl":{"start":{"line":42,"column":15},"end":{"line":42,"column":16}},"loc":{"start":{"line":54,"column":6},"end":{"line":77,"column":1}},"line":54}},"branchMap":{"0":{"loc":{"start":{"line":19,"column":2},"end":{"line":30,"column":3}},"type":"if","locations":[{"start":{"line":19,"column":2},"end":{"line":30,"column":3}},{"start":{"line":19,"column":2},"end":{"line":30,"column":3}}],"line":19},"1":{"loc":{"start":{"line":20,"column":4},"end":{"line":26,"column":5}},"type":"if","locations":[{"start":{"line":20,"column":4},"end":{"line":26,"column":5}},{"start":{"line":20,"column":4},"end":{"line":26,"column":5}}],"line":20},"2":{"loc":{"start":{"line":20,"column":8},"end":{"line":20,"column":56}},"type":"binary-expr","locations":[{"start":{"line":20,"column":8},"end":{"line":20,"column":30}},{"start":{"line":20,"column":34},"end":{"line":20,"column":56}}],"line":20},"3":{"loc":{"start":{"line":21,"column":6},"end":{"line":21,"column":95}},"type":"if","locations":[{"start":{"line":21,"column":6},"end":{"line":21,"column":95}},{"start":{"line":21,"column":6},"end":{"line":21,"column":95}}],"line":21},"4":{"loc":{"start":{"line":21,"column":10},"end":{"line":21,"column":64}},"type":"binary-expr","locations":[{"start":{"line":21,"column":10},"end":{"line":21,"column":24}},{"start":{"line":21,"column":28},"end":{"line":21,"column":64}}],"line":21},"5":{"loc":{"start":{"line":24,"column":6},"end":{"line":24,"column":95}},"type":"if","locations":[{"start":{"line":24,"column":6},"end":{"line":24,"column":95}},{"start":{"line":24,"column":6},"end":{"line":24,"column":95}}],"line":24},"6":{"loc":{"start":{"line":24,"column":10},"end":{"line":24,"column":64}},"type":"binary-expr","locations":[{"start":{"line":24,"column":10},"end":{"line":24,"column":24}},{"start":{"line":24,"column":28},"end":{"line":24,"column":64}}],"line":24},"7":{"loc":{"start":{"line":28,"column":4},"end":{"line":28,"column":96}},"type":"if","locations":[{"start":{"line":28,"column":4},"end":{"line":28,"column":96}},{"start":{"line":28,"column":4},"end":{"line":28,"column":96}}],"line":28},"8":{"loc":{"start":{"line":28,"column":8},"end":{"line":28,"column":64}},"type":"binary-expr","locations":[{"start":{"line":28,"column":8},"end":{"line":28,"column":23}},{"start":{"line":28,"column":27},"end":{"line":28,"column":64}}],"line":28},"9":{"loc":{"start":{"line":58,"column":6},"end":{"line":69,"column":11}},"type":"cond-expr","locations":[{"start":{"line":59,"column":10},"end":{"line":59,"column":27}},{"start":{"line":60,"column":10},"end":{"line":69,"column":11}}],"line":58},"10":{"loc":{"start":{"line":58,"column":6},"end":{"line":58,"column":52}},"type":"binary-expr","locations":[{"start":{"line":58,"column":6},"end":{"line":58,"column":16}},{"start":{"line":58,"column":20},"end":{"line":58,"column":52}}],"line":58}},"s":{"0":0,"1":0,"2":0,"3":0,"4":0,"5":0,"6":0,"7":0,"8":0,"9":0,"10":0,"11":0,"12":0,"13":0,"14":0,"15":0,"16":0,"17":0,"18":0,"19":0,"20":0,"21":0,"22":0,"23":0},"f":{"0":0,"1":0},"b":{"0":[0,0],"1":[0,0],"2":[0,0],"3":[0,0],"4":[0,0],"5":[0,0],"6":[0,0],"7":[0,0],"8":[0,0],"9":[0,0],"10":[0,0]},"hash":"432936f8644043fe740121ecda4a4db884df8780"}
}
