TN:
SF:/home/yoandry/Documents/front10-rating/src/Item.jsx
FN:4,(anonymous_0)
FN:40,(anonymous_1)
FN:41,(anonymous_2)
FNF:3
FNH:3
FNDA:10,(anonymous_0)
FNDA:1,(anonymous_1)
FNDA:1,(anonymous_2)
DA:4,1
DA:5,10
DA:18,1
DA:37,1
LF:4
LH:4
BRDA:5,0,0,5
BRDA:5,0,1,5
BRF:2
BRH:2
end_of_record
TN:
SF:/home/yoandry/Documents/front10-rating/src/Rating.jsx
FN:7,(anonymous_0)
FN:42,(anonymous_1)
FN:134,(anonymous_2)
FN:135,(anonymous_3)
FNF:4
FNH:4
FNDA:10,(anonymous_0)
FNDA:2,(anonymous_1)
FNDA:5,(anonymous_2)
FNDA:5,(anonymous_3)
DA:7,1
DA:17,10
DA:18,10
DA:19,10
DA:20,6
DA:21,0
DA:22,0
DA:24,6
DA:25,6
DA:28,4
DA:29,4
DA:31,10
DA:42,1
DA:55,2
DA:56,2
DA:58,10
DA:70,10
DA:72,2
DA:79,1
DA:126,1
LF:20
LH:18
BRDA:19,0,0,6
BRDA:19,0,1,4
BRDA:20,1,0,0
BRDA:20,1,1,6
BRDA:20,2,0,6
BRDA:20,2,1,2
BRDA:21,3,0,0
BRDA:21,3,1,0
BRDA:21,4,0,0
BRDA:21,4,1,0
BRDA:24,5,0,0
BRDA:24,5,1,6
BRDA:24,6,0,6
BRDA:24,6,1,0
BRDA:28,7,0,0
BRDA:28,7,1,4
BRDA:28,8,0,4
BRDA:28,8,1,0
BRDA:58,9,0,0
BRDA:58,9,1,10
BRDA:58,10,0,10
BRDA:58,10,1,0
BRF:22
BRH:11
end_of_record
